#
# There is insufficient memory for the Java Runtime Environment to continue.
# Native memory allocation (mmap) failed to map 201326592 bytes for G1 virtual space
# Possible reasons:
#   The system is out of physical RAM or swap space
#   The process is running with CompressedOops enabled, and the Java Heap may be blocking the growth of the native heap
# Possible solutions:
#   Reduce memory load on the system
#   Increase physical memory or swap space
#   Check if swap backing store is full
#   Decrease Java heap size (-Xmx/-Xms)
#   Decrease number of Java threads
#   Decrease Java thread stack sizes (-Xss)
#   Set larger code cache with -XX:ReservedCodeCacheSize=
#   JVM is running with Zero Based Compressed Oops mode in which the Java heap is
#     placed in the first 32GB address space. The Java Heap base address is the
#     maximum limit for the native heap growth. Please use -XX:HeapBaseMinAddress
#     to set the Java Heap base and to place the Java Heap above 32GB virtual address.
# This output file may be truncated or incomplete.
#
#  Out of Memory Error (os_windows.cpp:3527), pid=2428, tid=10664
#
# JRE version:  (19.0.1+10) (build )
# Java VM: Java HotSpot(TM) 64-Bit Server VM (19.0.1+10-21, mixed mode, sharing, tiered, compressed oops, compressed class ptrs, g1 gc, windows-amd64)
# No core dump will be written. Minidumps are not enabled by default on client versions of Windows
#

---------------  S U M M A R Y ------------

Command Line: -Dnet.bytebuddy.agent.attacher.dump= net.bytebuddy.agent.Attacher com.sun.tools.attach.VirtualMachine 7208 C:\Users\johnh\.m2\repository\net\bytebuddy\byte-buddy-agent\1.14.19\byte-buddy-agent-1.14.19.jar false 

Host: Intel(R) Core(TM) i5-8265U CPU @ 1.60GHz, 8 cores, 11G,  Windows 11 , 64 bit Build 22621 (10.0.22621.3958)
Time: Sat Oct 26 03:50:33 2024 Jordan Standard Time elapsed time: 0.057108 seconds (0d 0h 0m 0s)

---------------  T H R E A D  ---------------

Current thread (0x0000020cdcbb2330):  JavaThread "Unknown thread" [_thread_in_vm, id=10664, stack(0x0000008d1e600000,0x0000008d1e700000)]

Stack: [0x0000008d1e600000,0x0000008d1e700000]
Native frames: (J=compiled Java code, j=interpreted, Vv=VM code, C=native code)
V  [jvm.dll+0x6ee8fa]
V  [jvm.dll+0x857a1e]
V  [jvm.dll+0x85940e]
V  [jvm.dll+0x859ac3]
V  [jvm.dll+0x28291f]
V  [jvm.dll+0x6eb6e9]
V  [jvm.dll+0x6e028a]
V  [jvm.dll+0x357136]
V  [jvm.dll+0x35eb96]
V  [jvm.dll+0x3b555e]
V  [jvm.dll+0x3b578f]
V  [jvm.dll+0x32c6ea]
V  [jvm.dll+0x32d59e]
V  [jvm.dll+0x821b20]
V  [jvm.dll+0x3c27c1]
V  [jvm.dll+0x8022f1]
V  [jvm.dll+0x44b30f]
V  [jvm.dll+0x44cc91]
C  [jli.dll+0x5287]
C  [ucrtbase.dll+0x29333]
C  [KERNEL32.DLL+0x1257d]
C  [ntdll.dll+0x5af08]


---------------  P R O C E S S  ---------------

Threads class SMR info:
_java_thread_list=0x00007ff8908dd048, length=0, elements={
}

Java Threads: ( => current thread )

Other Threads:
  0x0000020cdcc0f8d0 WorkerThread "GC Thread#0" [stack: 0x0000008d1e700000,0x0000008d1e800000] [id=14604]
  0x0000020cdcc1c640 ConcurrentGCThread "G1 Main Marker" [stack: 0x0000008d1e800000,0x0000008d1e900000] [id=17952]
  0x0000020cdcc1e220 WorkerThread "G1 Conc#0" [stack: 0x0000008d1e900000,0x0000008d1ea00000] [id=7392]

[error occurred during error reporting (printing all threads), id 0xc0000005, EXCEPTION_ACCESS_VIOLATION (0xc0000005) at pc=0x00007ff89009d127]

VM state: not at safepoint (not fully initialized)

VM Mutex/Monitor currently owned by a thread:  ([mutex/lock_event])
[0x0000020cdcbaf0f0] Heap_lock - owner thread: 0x0000020cdcbb2330

Heap address: 0x0000000741e00000, size: 3042 MB, Compressed Oops mode: Zero based, Oop shift amount: 3

CDS archive(s) mapped at: [0x0000000000000000-0x0000000000000000-0x0000000000000000), size 0, SharedBaseAddress: 0x0000000800000000, ArchiveRelocationMode: 0.
Narrow klass base: 0x0000000000000000, Narrow klass shift: 0, Narrow klass range: 0x0

GC Precious Log:
 CardTable entry size: 512
 Card Set container configuration: InlinePtr #cards 4 size 8 Array Of Cards #cards 16 size 48 Howl #buckets 8 coarsen threshold 3686 Howl Bitmap #cards 512 size 80 coarsen threshold 460 Card regions per heap region 1 cards per card region 4096

Heap:
 garbage-first heap   total 0K, used 0K [0x0000000741e00000, 0x0000000800000000)
  region size 2048K, 0 young (0K), 0 survivors (0K)

[error occurred during error reporting (printing heap information), id 0xc0000005, EXCEPTION_ACCESS_VIOLATION (0xc0000005) at pc=0x00007ff8904a6959]

GC Heap History (0 events):
No events

Dll operation events (1 events):
Event: 0.040 Loaded shared library C:\Program Files\Java\jdk-19\bin\java.dll

Deoptimization events (0 events):
No events

Classes loaded (0 events):
No events

Classes unloaded (0 events):
No events

Classes redefined (0 events):
No events

Internal exceptions (0 events):
No events

VM Operations (0 events):
No events

Events (0 events):
No events


Dynamic libraries:
0x00007ff79dbf0000 - 0x00007ff79dc00000 	C:\Program Files\Java\jdk-19\bin\java.exe
0x00007ff8f5090000 - 0x00007ff8f52a7000 	C:\WINDOWS\SYSTEM32\ntdll.dll
0x00007ff8f3b00000 - 0x00007ff8f3bc4000 	C:\WINDOWS\System32\KERNEL32.DLL
0x00007ff8f25e0000 - 0x00007ff8f2997000 	C:\WINDOWS\System32\KERNELBASE.dll
0x00007ff8f2440000 - 0x00007ff8f2551000 	C:\WINDOWS\System32\ucrtbase.dll
0x00007ff8dce00000 - 0x00007ff8dce18000 	C:\Program Files\Java\jdk-19\bin\jli.dll
0x00007ff8d6d20000 - 0x00007ff8d6d3b000 	C:\Program Files\Java\jdk-19\bin\VCRUNTIME140.dll
0x00007ff8f3800000 - 0x00007ff8f38b2000 	C:\WINDOWS\System32\ADVAPI32.dll
0x00007ff8f4cd0000 - 0x00007ff8f4d77000 	C:\WINDOWS\System32\msvcrt.dll
0x00007ff8f4440000 - 0x00007ff8f44e8000 	C:\WINDOWS\System32\sechost.dll
0x00007ff8f2a40000 - 0x00007ff8f2a68000 	C:\WINDOWS\System32\bcrypt.dll
0x00007ff8f39e0000 - 0x00007ff8f3af4000 	C:\WINDOWS\System32\RPCRT4.dll
0x00007ff8f2dc0000 - 0x00007ff8f2f6f000 	C:\WINDOWS\System32\USER32.dll
0x00007ff8f2410000 - 0x00007ff8f2436000 	C:\WINDOWS\System32\win32u.dll
0x00007ff8f15f0000 - 0x00007ff8f1883000 	C:\WINDOWS\WinSxS\amd64_microsoft.windows.common-controls_6595b64144ccf1df_6.0.22621.3672_none_2713b9d173822955\COMCTL32.dll
0x00007ff8f48c0000 - 0x00007ff8f48e9000 	C:\WINDOWS\System32\GDI32.dll
0x00007ff8f2b30000 - 0x00007ff8f2c48000 	C:\WINDOWS\System32\gdi32full.dll
0x00007ff8f29a0000 - 0x00007ff8f2a3a000 	C:\WINDOWS\System32\msvcp_win.dll
0x00007ff8f0c80000 - 0x00007ff8f0c8a000 	C:\WINDOWS\SYSTEM32\VERSION.dll
0x00007ff8f2f70000 - 0x00007ff8f2fa1000 	C:\WINDOWS\System32\IMM32.DLL
0x00007ff8de6e0000 - 0x00007ff8de6ec000 	C:\Program Files\Java\jdk-19\bin\vcruntime140_1.dll
0x00007ff8b9ee0000 - 0x00007ff8b9f6e000 	C:\Program Files\Java\jdk-19\bin\msvcp140.dll
0x00007ff88fd60000 - 0x00007ff890a20000 	C:\Program Files\Java\jdk-19\bin\server\jvm.dll
0x00007ff8e7da0000 - 0x00007ff8e7dd4000 	C:\WINDOWS\SYSTEM32\WINMM.dll
0x00007ff8d07e0000 - 0x00007ff8d07e9000 	C:\WINDOWS\SYSTEM32\WSOCK32.dll
0x00007ff8f38c0000 - 0x00007ff8f3931000 	C:\WINDOWS\System32\WS2_32.dll
0x00007ff8f04e0000 - 0x00007ff8f04f8000 	C:\WINDOWS\SYSTEM32\kernel.appcore.dll
0x00007ff8dbff0000 - 0x00007ff8dbffa000 	C:\Program Files\Java\jdk-19\bin\jimage.dll
0x00007ff8f1d00000 - 0x00007ff8f1f32000 	C:\WINDOWS\SYSTEM32\DBGHELP.DLL
0x00007ff8f4940000 - 0x00007ff8f4cce000 	C:\WINDOWS\System32\combase.dll
0x00007ff8f47b0000 - 0x00007ff8f4887000 	C:\WINDOWS\System32\OLEAUT32.dll
0x00007ff8f1ba0000 - 0x00007ff8f1bd2000 	C:\WINDOWS\SYSTEM32\dbgcore.DLL
0x00007ff8f2560000 - 0x00007ff8f25db000 	C:\WINDOWS\System32\bcryptPrimitives.dll
0x00007ff8d6b10000 - 0x00007ff8d6b36000 	C:\Program Files\Java\jdk-19\bin\java.dll

dbghelp: loaded successfully - version: 4.0.5 - missing functions: none
symbol engine: initialized successfully - sym options: 0x614 - pdb path: .;C:\Program Files\Java\jdk-19\bin;C:\WINDOWS\SYSTEM32;C:\WINDOWS\WinSxS\amd64_microsoft.windows.common-controls_6595b64144ccf1df_6.0.22621.3672_none_2713b9d173822955;C:\Program Files\Java\jdk-19\bin\server

VM Arguments:
jvm_args: -Dnet.bytebuddy.agent.attacher.dump= 
java_command: net.bytebuddy.agent.Attacher com.sun.tools.attach.VirtualMachine 7208 C:\Users\johnh\.m2\repository\net\bytebuddy\byte-buddy-agent\1.14.19\byte-buddy-agent-1.14.19.jar false 
java_class_path (initial): C:\Users\johnh\.m2\repository\net\bytebuddy\byte-buddy-agent\1.14.19\byte-buddy-agent-1.14.19.jar
Launcher Type: SUN_STANDARD

[Global flags]
     intx CICompilerCount                          = 4                                         {product} {ergonomic}
     uint ConcGCThreads                            = 2                                         {product} {ergonomic}
     uint G1ConcRefinementThreads                  = 8                                         {product} {ergonomic}
   size_t G1HeapRegionSize                         = 2097152                                   {product} {ergonomic}
    uintx GCDrainStackTargetSize                   = 64                                        {product} {ergonomic}
   size_t InitialHeapSize                          = 201326592                                 {product} {ergonomic}
   size_t MarkStackSize                            = 4194304                                   {product} {ergonomic}
   size_t MaxHeapSize                              = 3189768192                                {product} {ergonomic}
   size_t MinHeapDeltaBytes                        = 2097152                                   {product} {ergonomic}
   size_t MinHeapSize                              = 8388608                                   {product} {ergonomic}
    uintx NonNMethodCodeHeapSize                   = 5839372                                {pd product} {ergonomic}
    uintx NonProfiledCodeHeapSize                  = 122909434                              {pd product} {ergonomic}
    uintx ProfiledCodeHeapSize                     = 122909434                              {pd product} {ergonomic}
    uintx ReservedCodeCacheSize                    = 251658240                              {pd product} {ergonomic}
     bool SegmentedCodeCache                       = true                                      {product} {ergonomic}
   size_t SoftMaxHeapSize                          = 3189768192                             {manageable} {ergonomic}
     bool UseCompressedClassPointers               = true                           {product lp64_product} {ergonomic}
     bool UseCompressedOops                        = true                           {product lp64_product} {ergonomic}
     bool UseG1GC                                  = true                                      {product} {ergonomic}
     bool UseLargePagesIndividualAllocation        = false                                  {pd product} {ergonomic}

Logging:
Log output configuration:
 #0: stdout all=warning uptime,level,tags foldmultilines=false
 #1: stderr all=off uptime,level,tags foldmultilines=false

Environment Variables:
JAVA_HOME=C:\Program Files\Java\jdk-19
PATH=C:\Python312\Scripts\;C:\Python312\;C:\Program Files\Rockwell Software\RSCommon;C:\Program Files\Eclipse Adoptium\jdk-17.0.5.8-hotspot\bin;C:\Windows\system32;C:\Windows;C:\Windows\System32\Wbem;C:\Windows\System32\WindowsPowerShell\v1.0\;C:\Windows\System32\OpenSSH\;C:\Program Files (x86)\NVIDIA Corporation\PhysX\Common;C:\Program Files\Java\jdk-19\bin;C:\WINDOWS\system32;C:\WINDOWS;C:\WINDOWS\System32\Wbem;C:\WINDOWS\System32\WindowsPowerShell\v1.0\;C:\WINDOWS\System32\OpenSSH\;C:\Program Files\dotnet\;C:\Program Files\Microsoft SQL Server\150\Tools\Binn\;C:\Program Files\Microsoft SQL Server\Client SDK\ODBC\170\Tools\Binn\;C:\Program Files\Fortect;C:\Program Files\Git\cmd;C:\Program Files\nodejs\;C:\ProgramData\chocolatey\bin;C:\Program Files (x86)\Windows Kits\10\Windows Performance Toolkit\;C:\Users\johnh\OneDrive\Desktop\Terraform;C:\Users\johnh\Downloads\apache-maven-3.9.9-bin\apache-maven-3.9.9\bin;;C:\Program Files\Docker\Docker\resources\bin;C:\Users\johnh\.console-ninja\.bin;C:\Users\johnh\AppData\Local\Programs\Python\Python311\Scripts\;C:\Users\johnh\AppData\Local\Programs\Python\Python311\;C:\Users\johnh\AppData\Local\Microsoft\WindowsApps;C:\Users\johnh\development\sdks\flutter\bin;C:\Users\johnh\AppData\Local\Programs\Microsoft VS Code\bin;C:\Users\johnh\.dotnet\tools;C:\msys64\mingw64\bin;C:\xampp\php;C:\Users\johnh\AppData\Roaming\npm;C:\Program Files\heroku\bin;C:\Program Files\JetBrains\IntelliJ IDEA Community Edition 2024.1.2\bin;;C:\Program Files\Multipass\bin;C:\Program Files\Lens\resources\cli\bin
USERNAME=johnh
OS=Windows_NT
PROCESSOR_IDENTIFIER=Intel64 Family 6 Model 142 Stepping 11, GenuineIntel
TMP=C:\Users\johnh\AppData\Local\Temp
TEMP=C:\Users\johnh\AppData\Local\Temp



---------------  S Y S T E M  ---------------

OS:
 Windows 11 , 64 bit Build 22621 (10.0.22621.3958)
OS uptime: 3 days 16:14 hours
Hyper-V role detected

CPU: total 8 (initial active 8) (4 cores per cpu, 2 threads per core) family 6 model 142 stepping 11 microcode 0xde, cx8, cmov, fxsr, ht, mmx, 3dnowpref, sse, sse2, sse3, ssse3, sse4.1, sse4.2, popcnt, lzcnt, tsc, tscinvbit, avx, avx2, aes, erms, clmul, bmi1, bmi2, adx, fma, vzeroupper, clflush, clflushopt, hv, rdtscp

Memory: 4k page, system-wide physical 12167M (626M free)
TotalPageFile size 16215M (AvailPageFile size 193M)
current process WorkingSet (physical memory assigned to process): 11M, peak: 11M
current process commit charge ("private bytes"): 60M, peak: 252M

vm_info: Java HotSpot(TM) 64-Bit Server VM (19.0.1+10-21) for windows-amd64 JRE (19.0.1+10-21), built on 2022-09-14T12:45:06Z by "mach5one" with MS VC++ 17.1 (VS2022)

END.
